INFO:werkzeug:[31m[1mWARNING: This is a development server. Do not use it in a production deployment. Use a production WSGI server instead.[0m
 * Running on all addresses (0.0.0.0)
 * Running on http://127.0.0.1:5000
 * Running on http://192.168.43.19:5000
INFO:werkzeug:[33mPress CTRL+C to quit[0m
INFO:root:Web driver path: \chromedriver.exe
INFO:root: Driver is working 
INFO:root:Current height: 2599
INFO:root:New height: 47522
INFO:root:Current height: 47522
INFO:root:New height: 84118
INFO:root:Current height: 84118
INFO:root:New height: 107437
INFO:root:Current height: 107437
INFO:root:New height: 107437
INFO:root:Website scrapped successfully and returning course name and links
INFO:werkzeug:192.168.43.19 - - [15/Feb/2023 22:16:16] "POST /courses HTTP/1.1" 200 -
INFO:werkzeug:192.168.43.19 - - [15/Feb/2023 22:16:16] "[33mGET /style.css HTTP/1.1[0m" 404 -
INFO:werkzeug:192.168.43.19 - - [15/Feb/2023 22:16:16] "[36mGET /static/css/style.css HTTP/1.1[0m" 304 -
INFO:root:Web driver path: \chromedriver.exe
INFO:root: Driver is working 
INFO:root: View more not in webpage
INFO:root:Website scrapped sucessfull
INFO:root:Website scrapped successfully and returning course info in dictionary format
ERROR:root:insert() missing 1 required positional argument: 'record'
INFO:root:Unable to insert in mongodb
INFO:root:Website scrapped sucessfull
INFO:root:Website scrapped successfully and returning course info in dictionary format
ERROR:root:insert() missing 1 required positional argument: 'record'
INFO:root:Unable to insert in mongodb
INFO:root:Website scrapped sucessfull
INFO:root:Website scrapped successfully and returning course info in dictionary format
ERROR:root:insert() missing 1 required positional argument: 'record'
INFO:root:Unable to insert in mongodb
INFO:root: View more not in webpage
INFO:root:Website scrapped sucessfull
INFO:root:Website scrapped successfully and returning course info in dictionary format
ERROR:root:insert() missing 1 required positional argument: 'record'
INFO:root:Unable to insert in mongodb
INFO:root: View more not in webpage
INFO:root:Website scrapped sucessfull
INFO:root:Website scrapped successfully and returning course info in dictionary format
ERROR:root:insert() missing 1 required positional argument: 'record'
INFO:root:Unable to insert in mongodb
INFO:root:downlaod.html
ERROR:ineuron:Exception on /download [POST]
Traceback (most recent call last):
  File "c:\Users\Srikanta\Desktop\FullStackDataScience\Challenges\IneuronScrapper\ineuron.py", line 96, in result
    return render_template('downlaod.html')
  File "C:\Users\Srikanta\Desktop\FullStackDataScience\Challenges\IneuronScrapper\venv\lib\site-packages\flask\templating.py", line 146, in render_template
    template = app.jinja_env.get_or_select_template(template_name_or_list)
  File "C:\Users\Srikanta\Desktop\FullStackDataScience\Challenges\IneuronScrapper\venv\lib\site-packages\jinja2\environment.py", line 1081, in get_or_select_template
    return self.get_template(template_name_or_list, parent, globals)
  File "C:\Users\Srikanta\Desktop\FullStackDataScience\Challenges\IneuronScrapper\venv\lib\site-packages\jinja2\environment.py", line 1010, in get_template
    return self._load_template(name, globals)
  File "C:\Users\Srikanta\Desktop\FullStackDataScience\Challenges\IneuronScrapper\venv\lib\site-packages\jinja2\environment.py", line 969, in _load_template
    template = self.loader.load(self, name, self.make_globals(globals))
  File "C:\Users\Srikanta\Desktop\FullStackDataScience\Challenges\IneuronScrapper\venv\lib\site-packages\jinja2\loaders.py", line 126, in load
    source, filename, uptodate = self.get_source(environment, name)
  File "C:\Users\Srikanta\Desktop\FullStackDataScience\Challenges\IneuronScrapper\venv\lib\site-packages\flask\templating.py", line 62, in get_source
    return self._get_source_fast(environment, template)
  File "C:\Users\Srikanta\Desktop\FullStackDataScience\Challenges\IneuronScrapper\venv\lib\site-packages\flask\templating.py", line 98, in _get_source_fast
    raise TemplateNotFound(template)
jinja2.exceptions.TemplateNotFound: downlaod.html

During handling of the above exception, another exception occurred:

Traceback (most recent call last):
  File "C:\Users\Srikanta\Desktop\FullStackDataScience\Challenges\IneuronScrapper\venv\lib\site-packages\flask\app.py", line 2525, in wsgi_app
    response = self.full_dispatch_request()
  File "C:\Users\Srikanta\Desktop\FullStackDataScience\Challenges\IneuronScrapper\venv\lib\site-packages\flask\app.py", line 1822, in full_dispatch_request
    rv = self.handle_user_exception(e)
  File "C:\Users\Srikanta\Desktop\FullStackDataScience\Challenges\IneuronScrapper\venv\lib\site-packages\flask\app.py", line 1820, in full_dispatch_request
    rv = self.dispatch_request()
  File "C:\Users\Srikanta\Desktop\FullStackDataScience\Challenges\IneuronScrapper\venv\lib\site-packages\flask\app.py", line 1796, in dispatch_request
    return self.ensure_sync(self.view_functions[rule.endpoint])(**view_args)
  File "c:\Users\Srikanta\Desktop\FullStackDataScience\Challenges\IneuronScrapper\ineuron.py", line 102, in result
    return render_template('downlaod.html')
  File "C:\Users\Srikanta\Desktop\FullStackDataScience\Challenges\IneuronScrapper\venv\lib\site-packages\flask\templating.py", line 146, in render_template
    template = app.jinja_env.get_or_select_template(template_name_or_list)
  File "C:\Users\Srikanta\Desktop\FullStackDataScience\Challenges\IneuronScrapper\venv\lib\site-packages\jinja2\environment.py", line 1081, in get_or_select_template
    return self.get_template(template_name_or_list, parent, globals)
  File "C:\Users\Srikanta\Desktop\FullStackDataScience\Challenges\IneuronScrapper\venv\lib\site-packages\jinja2\environment.py", line 1010, in get_template
    return self._load_template(name, globals)
  File "C:\Users\Srikanta\Desktop\FullStackDataScience\Challenges\IneuronScrapper\venv\lib\site-packages\jinja2\environment.py", line 969, in _load_template
    template = self.loader.load(self, name, self.make_globals(globals))
  File "C:\Users\Srikanta\Desktop\FullStackDataScience\Challenges\IneuronScrapper\venv\lib\site-packages\jinja2\loaders.py", line 126, in load
    source, filename, uptodate = self.get_source(environment, name)
  File "C:\Users\Srikanta\Desktop\FullStackDataScience\Challenges\IneuronScrapper\venv\lib\site-packages\flask\templating.py", line 62, in get_source
    return self._get_source_fast(environment, template)
  File "C:\Users\Srikanta\Desktop\FullStackDataScience\Challenges\IneuronScrapper\venv\lib\site-packages\flask\templating.py", line 98, in _get_source_fast
    raise TemplateNotFound(template)
jinja2.exceptions.TemplateNotFound: downlaod.html
INFO:werkzeug:192.168.43.19 - - [15/Feb/2023 22:17:04] "[35m[1mPOST /download HTTP/1.1[0m" 500 -
INFO:werkzeug:[31m[1mWARNING: This is a development server. Do not use it in a production deployment. Use a production WSGI server instead.[0m
 * Running on all addresses (0.0.0.0)
 * Running on http://127.0.0.1:5000
 * Running on http://192.168.43.19:5000
INFO:werkzeug:[33mPress CTRL+C to quit[0m
INFO:werkzeug:192.168.43.19 - - [15/Feb/2023 22:35:08] "GET / HTTP/1.1" 200 -
INFO:werkzeug:192.168.43.19 - - [15/Feb/2023 22:35:08] "[36mGET /static/css/style.css HTTP/1.1[0m" 304 -
INFO:werkzeug:192.168.43.19 - - [15/Feb/2023 22:35:08] "[36mGET /static/css/main.css HTTP/1.1[0m" 304 -
INFO:root:Web driver path: \chromedriver.exe
INFO:root: Driver is working 
INFO:root:Current height: 2599
INFO:root:New height: 50752
INFO:root:Current height: 50752
INFO:root:New height: 90237
INFO:root:Current height: 90237
INFO:root:New height: 108105
INFO:root:Current height: 108105
INFO:root:New height: 108483
INFO:root:Current height: 108483
INFO:root:New height: 108781
INFO:root:Current height: 108781
INFO:root:New height: 108781
INFO:root:Website scrapped successfully and returning course name and links
INFO:werkzeug:192.168.43.19 - - [15/Feb/2023 22:38:29] "POST /courses HTTP/1.1" 200 -
INFO:werkzeug:192.168.43.19 - - [15/Feb/2023 22:38:29] "[33mGET /style.css HTTP/1.1[0m" 404 -
INFO:werkzeug:192.168.43.19 - - [15/Feb/2023 22:38:29] "[36mGET /static/css/style.css HTTP/1.1[0m" 304 -
INFO:root:Web driver path: \chromedriver.exe
INFO:root: Driver is working 
INFO:root:Website scrapped sucessfull
INFO:root:Website scrapped successfully and returning course info in dictionary format
INFO:root:Website scrapped sucessfull
INFO:root:Website scrapped successfully and returning course info in dictionary format
INFO:root:Website scrapped sucessfull
INFO:root:Website scrapped successfully and returning course info in dictionary format
INFO:root: View more not in webpage
INFO:root:Website scrapped sucessfull
INFO:root:Website scrapped successfully and returning course info in dictionary format
INFO:root: View more not in webpage
INFO:root:Website scrapped sucessfull
INFO:root:Website scrapped successfully and returning course info in dictionary format
INFO:root:downlaod.html
ERROR:ineuron:Exception on /download [POST]
Traceback (most recent call last):
  File "c:\Users\Srikanta\Desktop\FullStackDataScience\Challenges\IneuronScrapper\ineuron.py", line 97, in result
    return render_template('downlaod.html')
  File "C:\Users\Srikanta\Desktop\FullStackDataScience\Challenges\IneuronScrapper\venv\lib\site-packages\flask\templating.py", line 146, in render_template
    template = app.jinja_env.get_or_select_template(template_name_or_list)
  File "C:\Users\Srikanta\Desktop\FullStackDataScience\Challenges\IneuronScrapper\venv\lib\site-packages\jinja2\environment.py", line 1081, in get_or_select_template
    return self.get_template(template_name_or_list, parent, globals)
  File "C:\Users\Srikanta\Desktop\FullStackDataScience\Challenges\IneuronScrapper\venv\lib\site-packages\jinja2\environment.py", line 1010, in get_template
    return self._load_template(name, globals)
  File "C:\Users\Srikanta\Desktop\FullStackDataScience\Challenges\IneuronScrapper\venv\lib\site-packages\jinja2\environment.py", line 969, in _load_template
    template = self.loader.load(self, name, self.make_globals(globals))
  File "C:\Users\Srikanta\Desktop\FullStackDataScience\Challenges\IneuronScrapper\venv\lib\site-packages\jinja2\loaders.py", line 126, in load
    source, filename, uptodate = self.get_source(environment, name)
  File "C:\Users\Srikanta\Desktop\FullStackDataScience\Challenges\IneuronScrapper\venv\lib\site-packages\flask\templating.py", line 62, in get_source
    return self._get_source_fast(environment, template)
  File "C:\Users\Srikanta\Desktop\FullStackDataScience\Challenges\IneuronScrapper\venv\lib\site-packages\flask\templating.py", line 98, in _get_source_fast
    raise TemplateNotFound(template)
jinja2.exceptions.TemplateNotFound: downlaod.html

During handling of the above exception, another exception occurred:

Traceback (most recent call last):
  File "C:\Users\Srikanta\Desktop\FullStackDataScience\Challenges\IneuronScrapper\venv\lib\site-packages\flask\app.py", line 2525, in wsgi_app
    response = self.full_dispatch_request()
  File "C:\Users\Srikanta\Desktop\FullStackDataScience\Challenges\IneuronScrapper\venv\lib\site-packages\flask\app.py", line 1822, in full_dispatch_request
    rv = self.handle_user_exception(e)
  File "C:\Users\Srikanta\Desktop\FullStackDataScience\Challenges\IneuronScrapper\venv\lib\site-packages\flask\app.py", line 1820, in full_dispatch_request
    rv = self.dispatch_request()
  File "C:\Users\Srikanta\Desktop\FullStackDataScience\Challenges\IneuronScrapper\venv\lib\site-packages\flask\app.py", line 1796, in dispatch_request
    return self.ensure_sync(self.view_functions[rule.endpoint])(**view_args)
  File "c:\Users\Srikanta\Desktop\FullStackDataScience\Challenges\IneuronScrapper\ineuron.py", line 103, in result
    return render_template('downlaod.html')
  File "C:\Users\Srikanta\Desktop\FullStackDataScience\Challenges\IneuronScrapper\venv\lib\site-packages\flask\templating.py", line 146, in render_template
    template = app.jinja_env.get_or_select_template(template_name_or_list)
  File "C:\Users\Srikanta\Desktop\FullStackDataScience\Challenges\IneuronScrapper\venv\lib\site-packages\jinja2\environment.py", line 1081, in get_or_select_template
    return self.get_template(template_name_or_list, parent, globals)
  File "C:\Users\Srikanta\Desktop\FullStackDataScience\Challenges\IneuronScrapper\venv\lib\site-packages\jinja2\environment.py", line 1010, in get_template
    return self._load_template(name, globals)
  File "C:\Users\Srikanta\Desktop\FullStackDataScience\Challenges\IneuronScrapper\venv\lib\site-packages\jinja2\environment.py", line 969, in _load_template
    template = self.loader.load(self, name, self.make_globals(globals))
  File "C:\Users\Srikanta\Desktop\FullStackDataScience\Challenges\IneuronScrapper\venv\lib\site-packages\jinja2\loaders.py", line 126, in load
    source, filename, uptodate = self.get_source(environment, name)
  File "C:\Users\Srikanta\Desktop\FullStackDataScience\Challenges\IneuronScrapper\venv\lib\site-packages\flask\templating.py", line 62, in get_source
    return self._get_source_fast(environment, template)
  File "C:\Users\Srikanta\Desktop\FullStackDataScience\Challenges\IneuronScrapper\venv\lib\site-packages\flask\templating.py", line 98, in _get_source_fast
    raise TemplateNotFound(template)
jinja2.exceptions.TemplateNotFound: downlaod.html
INFO:werkzeug:192.168.43.19 - - [15/Feb/2023 22:41:46] "[35m[1mPOST /download HTTP/1.1[0m" 500 -
INFO:werkzeug:192.168.43.19 - - [15/Feb/2023 23:02:31] "GET / HTTP/1.1" 200 -
INFO:werkzeug:192.168.43.19 - - [15/Feb/2023 23:02:31] "[36mGET /static/css/main.css HTTP/1.1[0m" 304 -
INFO:werkzeug:192.168.43.19 - - [15/Feb/2023 23:02:31] "[36mGET /static/css/style.css HTTP/1.1[0m" 304 -
INFO:werkzeug:[31m[1mWARNING: This is a development server. Do not use it in a production deployment. Use a production WSGI server instead.[0m
 * Running on all addresses (0.0.0.0)
 * Running on http://127.0.0.1:5000
 * Running on http://192.168.43.19:5000
INFO:werkzeug:[33mPress CTRL+C to quit[0m
INFO:root:Web driver path: \chromedriver.exe
INFO:root: Driver is working 
INFO:root:Current height: 2599
INFO:root:New height: 50022
INFO:root:Current height: 50022
INFO:root:New height: 86523
INFO:root:Current height: 86523
INFO:root:New height: 108333
INFO:root:Current height: 108333
INFO:root:New height: 108781
INFO:root:Current height: 108781
INFO:root:New height: 108781
INFO:root:Website scrapped successfully and returning course name and links
INFO:werkzeug:192.168.43.19 - - [15/Feb/2023 23:05:32] "POST /courses HTTP/1.1" 200 -
INFO:werkzeug:192.168.43.19 - - [15/Feb/2023 23:05:32] "[33mGET /style.css HTTP/1.1[0m" 404 -
INFO:werkzeug:192.168.43.19 - - [15/Feb/2023 23:05:33] "[36mGET /static/css/style.css HTTP/1.1[0m" 304 -
INFO:root:Web driver path: \chromedriver.exe
INFO:root: Driver is working 
INFO:root:Website scrapped sucessfull
INFO:root:Website scrapped successfully and returning course info in dictionary format
INFO:root:Inserted data in mongodb
INFO:root:Website scrapped sucessfull
INFO:root:Website scrapped successfully and returning course info in dictionary format
INFO:root:Inserted data in mongodb
INFO:root:Website scrapped sucessfull
INFO:root:Website scrapped successfully and returning course info in dictionary format
INFO:root:Inserted data in mongodb
INFO:root: View more not in webpage
INFO:root:Website scrapped sucessfull
INFO:root:Website scrapped successfully and returning course info in dictionary format
INFO:root:Inserted data in mongodb
INFO:root: View more not in webpage
INFO:root:Website scrapped sucessfull
INFO:root:Website scrapped successfully and returning course info in dictionary format
INFO:root:Inserted data in mongodb
INFO:root:downlaod.html
ERROR:ineuron:Exception on /download [POST]
Traceback (most recent call last):
  File "c:\Users\Srikanta\Desktop\FullStackDataScience\Challenges\IneuronScrapper\ineuron.py", line 98, in result
    return render_template('downlaod.html')
  File "C:\Users\Srikanta\Desktop\FullStackDataScience\Challenges\IneuronScrapper\venv\lib\site-packages\flask\templating.py", line 146, in render_template
    template = app.jinja_env.get_or_select_template(template_name_or_list)
  File "C:\Users\Srikanta\Desktop\FullStackDataScience\Challenges\IneuronScrapper\venv\lib\site-packages\jinja2\environment.py", line 1081, in get_or_select_template
    return self.get_template(template_name_or_list, parent, globals)
  File "C:\Users\Srikanta\Desktop\FullStackDataScience\Challenges\IneuronScrapper\venv\lib\site-packages\jinja2\environment.py", line 1010, in get_template
    return self._load_template(name, globals)
  File "C:\Users\Srikanta\Desktop\FullStackDataScience\Challenges\IneuronScrapper\venv\lib\site-packages\jinja2\environment.py", line 969, in _load_template
    template = self.loader.load(self, name, self.make_globals(globals))
  File "C:\Users\Srikanta\Desktop\FullStackDataScience\Challenges\IneuronScrapper\venv\lib\site-packages\jinja2\loaders.py", line 126, in load
    source, filename, uptodate = self.get_source(environment, name)
  File "C:\Users\Srikanta\Desktop\FullStackDataScience\Challenges\IneuronScrapper\venv\lib\site-packages\flask\templating.py", line 62, in get_source
    return self._get_source_fast(environment, template)
  File "C:\Users\Srikanta\Desktop\FullStackDataScience\Challenges\IneuronScrapper\venv\lib\site-packages\flask\templating.py", line 98, in _get_source_fast
    raise TemplateNotFound(template)
jinja2.exceptions.TemplateNotFound: downlaod.html

During handling of the above exception, another exception occurred:

Traceback (most recent call last):
  File "C:\Users\Srikanta\Desktop\FullStackDataScience\Challenges\IneuronScrapper\venv\lib\site-packages\flask\app.py", line 2525, in wsgi_app
    response = self.full_dispatch_request()
  File "C:\Users\Srikanta\Desktop\FullStackDataScience\Challenges\IneuronScrapper\venv\lib\site-packages\flask\app.py", line 1822, in full_dispatch_request
    rv = self.handle_user_exception(e)
  File "C:\Users\Srikanta\Desktop\FullStackDataScience\Challenges\IneuronScrapper\venv\lib\site-packages\flask\app.py", line 1820, in full_dispatch_request
    rv = self.dispatch_request()
  File "C:\Users\Srikanta\Desktop\FullStackDataScience\Challenges\IneuronScrapper\venv\lib\site-packages\flask\app.py", line 1796, in dispatch_request
    return self.ensure_sync(self.view_functions[rule.endpoint])(**view_args)
  File "c:\Users\Srikanta\Desktop\FullStackDataScience\Challenges\IneuronScrapper\ineuron.py", line 104, in result
    return render_template('downlaod.html')
  File "C:\Users\Srikanta\Desktop\FullStackDataScience\Challenges\IneuronScrapper\venv\lib\site-packages\flask\templating.py", line 146, in render_template
    template = app.jinja_env.get_or_select_template(template_name_or_list)
  File "C:\Users\Srikanta\Desktop\FullStackDataScience\Challenges\IneuronScrapper\venv\lib\site-packages\jinja2\environment.py", line 1081, in get_or_select_template
    return self.get_template(template_name_or_list, parent, globals)
  File "C:\Users\Srikanta\Desktop\FullStackDataScience\Challenges\IneuronScrapper\venv\lib\site-packages\jinja2\environment.py", line 1010, in get_template
    return self._load_template(name, globals)
  File "C:\Users\Srikanta\Desktop\FullStackDataScience\Challenges\IneuronScrapper\venv\lib\site-packages\jinja2\environment.py", line 969, in _load_template
    template = self.loader.load(self, name, self.make_globals(globals))
  File "C:\Users\Srikanta\Desktop\FullStackDataScience\Challenges\IneuronScrapper\venv\lib\site-packages\jinja2\loaders.py", line 126, in load
    source, filename, uptodate = self.get_source(environment, name)
  File "C:\Users\Srikanta\Desktop\FullStackDataScience\Challenges\IneuronScrapper\venv\lib\site-packages\flask\templating.py", line 62, in get_source
    return self._get_source_fast(environment, template)
  File "C:\Users\Srikanta\Desktop\FullStackDataScience\Challenges\IneuronScrapper\venv\lib\site-packages\flask\templating.py", line 98, in _get_source_fast
    raise TemplateNotFound(template)
jinja2.exceptions.TemplateNotFound: downlaod.html
INFO:werkzeug:192.168.43.19 - - [15/Feb/2023 23:15:21] "[35m[1mPOST /download HTTP/1.1[0m" 500 -
INFO:werkzeug:[31m[1mWARNING: This is a development server. Do not use it in a production deployment. Use a production WSGI server instead.[0m
 * Running on all addresses (0.0.0.0)
 * Running on http://127.0.0.1:5000
 * Running on http://192.168.43.19:5000
INFO:werkzeug:[33mPress CTRL+C to quit[0m
INFO:werkzeug:192.168.43.19 - - [15/Feb/2023 23:25:54] "GET / HTTP/1.1" 200 -
INFO:werkzeug:192.168.43.19 - - [15/Feb/2023 23:25:55] "[36mGET /static/css/style.css HTTP/1.1[0m" 304 -
INFO:werkzeug:192.168.43.19 - - [15/Feb/2023 23:25:55] "[36mGET /static/css/main.css HTTP/1.1[0m" 304 -
INFO:root:Web driver path: \chromedriver.exe
INFO:root: Driver is working 
INFO:root:Current height: 2599
INFO:root:New height: 50879
INFO:root:Current height: 50879
INFO:root:New height: 90216
INFO:root:Current height: 90216
INFO:root:New height: 108469
INFO:root:Current height: 108469
INFO:root:New height: 108740
INFO:root:Current height: 108740
INFO:root:New height: 108781
INFO:root:Current height: 108781
INFO:root:New height: 108781
INFO:root:Website scrapped successfully and returning course name and links
INFO:werkzeug:192.168.43.19 - - [15/Feb/2023 23:29:14] "POST /courses HTTP/1.1" 200 -
INFO:werkzeug:192.168.43.19 - - [15/Feb/2023 23:29:14] "[33mGET /style.css HTTP/1.1[0m" 404 -
INFO:werkzeug:192.168.43.19 - - [15/Feb/2023 23:29:14] "[36mGET /static/css/style.css HTTP/1.1[0m" 304 -
INFO:root:Web driver path: \chromedriver.exe
INFO:root: Driver is working 
INFO:root: View more not in webpage
INFO:root:Website scrapped sucessfull
INFO:root:Website scrapped successfully and returning course info in dictionary format
INFO:root:Inserted data in mongodb
INFO:root:Website scrapped sucessfull
INFO:root:Website scrapped successfully and returning course info in dictionary format
INFO:root:Inserted data in mongodb
INFO:root:Website scrapped sucessfull
INFO:root:Website scrapped successfully and returning course info in dictionary format
INFO:root:Inserted data in mongodb
INFO:root: View more not in webpage
INFO:root:Website scrapped sucessfull
INFO:root:Website scrapped successfully and returning course info in dictionary format
INFO:root:Inserted data in mongodb
INFO:root: View more not in webpage
INFO:root:Website scrapped sucessfull
INFO:root:Website scrapped successfully and returning course info in dictionary format
INFO:root:Inserted data in mongodb
INFO:root:downlaod.html
ERROR:ineuron:Exception on /download [POST]
Traceback (most recent call last):
  File "c:\Users\Srikanta\Desktop\FullStackDataScience\Challenges\IneuronScrapper\ineuron.py", line 98, in result
    return render_template('downlaod.html')
  File "C:\Users\Srikanta\Desktop\FullStackDataScience\Challenges\IneuronScrapper\venv\lib\site-packages\flask\templating.py", line 146, in render_template
    template = app.jinja_env.get_or_select_template(template_name_or_list)
  File "C:\Users\Srikanta\Desktop\FullStackDataScience\Challenges\IneuronScrapper\venv\lib\site-packages\jinja2\environment.py", line 1081, in get_or_select_template
    return self.get_template(template_name_or_list, parent, globals)
  File "C:\Users\Srikanta\Desktop\FullStackDataScience\Challenges\IneuronScrapper\venv\lib\site-packages\jinja2\environment.py", line 1010, in get_template
    return self._load_template(name, globals)
  File "C:\Users\Srikanta\Desktop\FullStackDataScience\Challenges\IneuronScrapper\venv\lib\site-packages\jinja2\environment.py", line 969, in _load_template
    template = self.loader.load(self, name, self.make_globals(globals))
  File "C:\Users\Srikanta\Desktop\FullStackDataScience\Challenges\IneuronScrapper\venv\lib\site-packages\jinja2\loaders.py", line 126, in load
    source, filename, uptodate = self.get_source(environment, name)
  File "C:\Users\Srikanta\Desktop\FullStackDataScience\Challenges\IneuronScrapper\venv\lib\site-packages\flask\templating.py", line 62, in get_source
    return self._get_source_fast(environment, template)
  File "C:\Users\Srikanta\Desktop\FullStackDataScience\Challenges\IneuronScrapper\venv\lib\site-packages\flask\templating.py", line 98, in _get_source_fast
    raise TemplateNotFound(template)
jinja2.exceptions.TemplateNotFound: downlaod.html

During handling of the above exception, another exception occurred:

Traceback (most recent call last):
  File "C:\Users\Srikanta\Desktop\FullStackDataScience\Challenges\IneuronScrapper\venv\lib\site-packages\flask\app.py", line 2525, in wsgi_app
    response = self.full_dispatch_request()
  File "C:\Users\Srikanta\Desktop\FullStackDataScience\Challenges\IneuronScrapper\venv\lib\site-packages\flask\app.py", line 1822, in full_dispatch_request
    rv = self.handle_user_exception(e)
  File "C:\Users\Srikanta\Desktop\FullStackDataScience\Challenges\IneuronScrapper\venv\lib\site-packages\flask\app.py", line 1820, in full_dispatch_request
    rv = self.dispatch_request()
  File "C:\Users\Srikanta\Desktop\FullStackDataScience\Challenges\IneuronScrapper\venv\lib\site-packages\flask\app.py", line 1796, in dispatch_request
    return self.ensure_sync(self.view_functions[rule.endpoint])(**view_args)
  File "c:\Users\Srikanta\Desktop\FullStackDataScience\Challenges\IneuronScrapper\ineuron.py", line 104, in result
    return render_template('downlaod.html')
  File "C:\Users\Srikanta\Desktop\FullStackDataScience\Challenges\IneuronScrapper\venv\lib\site-packages\flask\templating.py", line 146, in render_template
    template = app.jinja_env.get_or_select_template(template_name_or_list)
  File "C:\Users\Srikanta\Desktop\FullStackDataScience\Challenges\IneuronScrapper\venv\lib\site-packages\jinja2\environment.py", line 1081, in get_or_select_template
    return self.get_template(template_name_or_list, parent, globals)
  File "C:\Users\Srikanta\Desktop\FullStackDataScience\Challenges\IneuronScrapper\venv\lib\site-packages\jinja2\environment.py", line 1010, in get_template
    return self._load_template(name, globals)
  File "C:\Users\Srikanta\Desktop\FullStackDataScience\Challenges\IneuronScrapper\venv\lib\site-packages\jinja2\environment.py", line 969, in _load_template
    template = self.loader.load(self, name, self.make_globals(globals))
  File "C:\Users\Srikanta\Desktop\FullStackDataScience\Challenges\IneuronScrapper\venv\lib\site-packages\jinja2\loaders.py", line 126, in load
    source, filename, uptodate = self.get_source(environment, name)
  File "C:\Users\Srikanta\Desktop\FullStackDataScience\Challenges\IneuronScrapper\venv\lib\site-packages\flask\templating.py", line 62, in get_source
    return self._get_source_fast(environment, template)
  File "C:\Users\Srikanta\Desktop\FullStackDataScience\Challenges\IneuronScrapper\venv\lib\site-packages\flask\templating.py", line 98, in _get_source_fast
    raise TemplateNotFound(template)
jinja2.exceptions.TemplateNotFound: downlaod.html
INFO:werkzeug:192.168.43.19 - - [15/Feb/2023 23:30:59] "[35m[1mPOST /download HTTP/1.1[0m" 500 -
INFO:werkzeug:[31m[1mWARNING: This is a development server. Do not use it in a production deployment. Use a production WSGI server instead.[0m
 * Running on all addresses (0.0.0.0)
 * Running on http://127.0.0.1:5000
 * Running on http://192.168.43.19:5000
INFO:werkzeug:[33mPress CTRL+C to quit[0m
INFO:root:Web driver path: \chromedriver.exe
INFO:root: Driver is working 
INFO:root:Current height: 2599
INFO:root:New height: 50893
INFO:root:Current height: 50893
INFO:root:New height: 89272
INFO:root:Current height: 89272
INFO:root:New height: 108268
INFO:root:Current height: 108268
INFO:root:New height: 108781
INFO:root:Current height: 108781
INFO:root:New height: 108781
INFO:root:Website scrapped successfully and returning course name and links
INFO:werkzeug:192.168.43.19 - - [15/Feb/2023 23:57:26] "POST /courses HTTP/1.1" 200 -
INFO:werkzeug:192.168.43.19 - - [15/Feb/2023 23:57:27] "[33mGET /style.css HTTP/1.1[0m" 404 -
INFO:werkzeug:192.168.43.19 - - [15/Feb/2023 23:57:27] "[36mGET /static/css/style.css HTTP/1.1[0m" 304 -
INFO:root:Web driver path: \chromedriver.exe
INFO:root: Driver is working 
INFO:root: View more not in webpage
INFO:root:Website scrapped sucessfull
INFO:root:Website scrapped successfully and returning course info in dictionary format
INFO:root:Website scrapped sucessfull
INFO:root:Website scrapped successfully and returning course info in dictionary format
INFO:root:Website scrapped sucessfull
INFO:root:Website scrapped successfully and returning course info in dictionary format
INFO:root: View more not in webpage
INFO:root:Website scrapped sucessfull
INFO:root:Website scrapped successfully and returning course info in dictionary format
INFO:root: View more not in webpage
INFO:root:Website scrapped sucessfull
INFO:root:Website scrapped successfully and returning course info in dictionary format
INFO:root:downlaod.html
ERROR:ineuron:Exception on /download [POST]
Traceback (most recent call last):
  File "c:\Users\Srikanta\Desktop\FullStackDataScience\Challenges\IneuronScrapper\ineuron.py", line 98, in result
    return render_template('downlaod.html')
  File "C:\Users\Srikanta\Desktop\FullStackDataScience\Challenges\IneuronScrapper\venv\lib\site-packages\flask\templating.py", line 146, in render_template
    template = app.jinja_env.get_or_select_template(template_name_or_list)
  File "C:\Users\Srikanta\Desktop\FullStackDataScience\Challenges\IneuronScrapper\venv\lib\site-packages\jinja2\environment.py", line 1081, in get_or_select_template
    return self.get_template(template_name_or_list, parent, globals)
  File "C:\Users\Srikanta\Desktop\FullStackDataScience\Challenges\IneuronScrapper\venv\lib\site-packages\jinja2\environment.py", line 1010, in get_template
    return self._load_template(name, globals)
  File "C:\Users\Srikanta\Desktop\FullStackDataScience\Challenges\IneuronScrapper\venv\lib\site-packages\jinja2\environment.py", line 969, in _load_template
    template = self.loader.load(self, name, self.make_globals(globals))
  File "C:\Users\Srikanta\Desktop\FullStackDataScience\Challenges\IneuronScrapper\venv\lib\site-packages\jinja2\loaders.py", line 126, in load
    source, filename, uptodate = self.get_source(environment, name)
  File "C:\Users\Srikanta\Desktop\FullStackDataScience\Challenges\IneuronScrapper\venv\lib\site-packages\flask\templating.py", line 62, in get_source
    return self._get_source_fast(environment, template)
  File "C:\Users\Srikanta\Desktop\FullStackDataScience\Challenges\IneuronScrapper\venv\lib\site-packages\flask\templating.py", line 98, in _get_source_fast
    raise TemplateNotFound(template)
jinja2.exceptions.TemplateNotFound: downlaod.html

During handling of the above exception, another exception occurred:

Traceback (most recent call last):
  File "C:\Users\Srikanta\Desktop\FullStackDataScience\Challenges\IneuronScrapper\venv\lib\site-packages\flask\app.py", line 2525, in wsgi_app
    response = self.full_dispatch_request()
  File "C:\Users\Srikanta\Desktop\FullStackDataScience\Challenges\IneuronScrapper\venv\lib\site-packages\flask\app.py", line 1822, in full_dispatch_request
    rv = self.handle_user_exception(e)
  File "C:\Users\Srikanta\Desktop\FullStackDataScience\Challenges\IneuronScrapper\venv\lib\site-packages\flask\app.py", line 1820, in full_dispatch_request
    rv = self.dispatch_request()
  File "C:\Users\Srikanta\Desktop\FullStackDataScience\Challenges\IneuronScrapper\venv\lib\site-packages\flask\app.py", line 1796, in dispatch_request
    return self.ensure_sync(self.view_functions[rule.endpoint])(**view_args)
  File "c:\Users\Srikanta\Desktop\FullStackDataScience\Challenges\IneuronScrapper\ineuron.py", line 104, in result
    return render_template('downlaod.html')
  File "C:\Users\Srikanta\Desktop\FullStackDataScience\Challenges\IneuronScrapper\venv\lib\site-packages\flask\templating.py", line 146, in render_template
    template = app.jinja_env.get_or_select_template(template_name_or_list)
  File "C:\Users\Srikanta\Desktop\FullStackDataScience\Challenges\IneuronScrapper\venv\lib\site-packages\jinja2\environment.py", line 1081, in get_or_select_template
    return self.get_template(template_name_or_list, parent, globals)
  File "C:\Users\Srikanta\Desktop\FullStackDataScience\Challenges\IneuronScrapper\venv\lib\site-packages\jinja2\environment.py", line 1010, in get_template
    return self._load_template(name, globals)
  File "C:\Users\Srikanta\Desktop\FullStackDataScience\Challenges\IneuronScrapper\venv\lib\site-packages\jinja2\environment.py", line 969, in _load_template
    template = self.loader.load(self, name, self.make_globals(globals))
  File "C:\Users\Srikanta\Desktop\FullStackDataScience\Challenges\IneuronScrapper\venv\lib\site-packages\jinja2\loaders.py", line 126, in load
    source, filename, uptodate = self.get_source(environment, name)
  File "C:\Users\Srikanta\Desktop\FullStackDataScience\Challenges\IneuronScrapper\venv\lib\site-packages\flask\templating.py", line 62, in get_source
    return self._get_source_fast(environment, template)
  File "C:\Users\Srikanta\Desktop\FullStackDataScience\Challenges\IneuronScrapper\venv\lib\site-packages\flask\templating.py", line 98, in _get_source_fast
    raise TemplateNotFound(template)
jinja2.exceptions.TemplateNotFound: downlaod.html
INFO:werkzeug:192.168.43.19 - - [15/Feb/2023 23:58:24] "[35m[1mPOST /download HTTP/1.1[0m" 500 -
INFO:werkzeug:[31m[1mWARNING: This is a development server. Do not use it in a production deployment. Use a production WSGI server instead.[0m
 * Running on all addresses (0.0.0.0)
 * Running on http://127.0.0.1:5000
 * Running on http://192.168.43.19:5000
INFO:werkzeug:[33mPress CTRL+C to quit[0m
INFO:root:Web driver path: \chromedriver.exe
INFO:root: Driver is working 
INFO:root:Current height: 2599
INFO:root:New height: 49944
INFO:root:Current height: 49944
INFO:root:New height: 88346
INFO:root:Current height: 88346
INFO:root:New height: 108480
INFO:root:Current height: 108480
INFO:root:New height: 108781
INFO:root:Current height: 108781
INFO:root:New height: 108781
INFO:root:Website scrapped successfully and returning course name and links
INFO:werkzeug:192.168.43.19 - - [16/Feb/2023 00:17:43] "POST /courses HTTP/1.1" 200 -
INFO:werkzeug:192.168.43.19 - - [16/Feb/2023 00:17:43] "[33mGET /style.css HTTP/1.1[0m" 404 -
INFO:werkzeug:192.168.43.19 - - [16/Feb/2023 00:17:43] "[36mGET /static/css/style.css HTTP/1.1[0m" 304 -
INFO:root:Web driver path: \chromedriver.exe
INFO:root: Driver is working 
INFO:root:Website scrapped sucessfull
INFO:root:Website scrapped successfully and returning course info in dictionary format
ERROR:root:FPDF error: Incorrect output destination: /PDF_FILES/COMPLETE DSA IN PYTHON.PDF
INFO:root:Unable to create the pdf files
INFO:root:Website scrapped sucessfull
INFO:root:Website scrapped successfully and returning course info in dictionary format
ERROR:root:FPDF error: Incorrect output destination: /PDF_FILES/TABLEAU FOUNDATION COURSE.PDF
INFO:root:Unable to create the pdf files
INFO:root:Website scrapped sucessfull
INFO:root:Website scrapped successfully and returning course info in dictionary format
ERROR:root:FPDF error: Incorrect output destination: /PDF_FILES/COMPLETE EXCEL COURSE.PDF
INFO:root:Unable to create the pdf files
INFO:root: View more not in webpage
INFO:root:Website scrapped sucessfull
INFO:root:Website scrapped successfully and returning course info in dictionary format
ERROR:root:FPDF error: Incorrect output destination: /PDF_FILES/AUTOMATIC NUMBER PLATE RECOGNITION.PDF
INFO:root:Unable to create the pdf files
INFO:root: View more not in webpage
INFO:root:Website scrapped sucessfull
INFO:root:Website scrapped successfully and returning course info in dictionary format
ERROR:root:FPDF error: Incorrect output destination: /PDF_FILES/BUILD MODERN ETL DATA PIPELINE USING INFORMATICA CLOUD.PDF
INFO:root:Unable to create the pdf files
INFO:root:downlaod.html
ERROR:ineuron:Exception on /insert_database [POST]
Traceback (most recent call last):
  File "c:\Users\Srikanta\Desktop\FullStackDataScience\Challenges\IneuronScrapper\ineuron.py", line 99, in result
    return render_template('downlaod.html')
  File "C:\Users\Srikanta\Desktop\FullStackDataScience\Challenges\IneuronScrapper\venv\lib\site-packages\flask\templating.py", line 146, in render_template
    template = app.jinja_env.get_or_select_template(template_name_or_list)
  File "C:\Users\Srikanta\Desktop\FullStackDataScience\Challenges\IneuronScrapper\venv\lib\site-packages\jinja2\environment.py", line 1081, in get_or_select_template
    return self.get_template(template_name_or_list, parent, globals)
  File "C:\Users\Srikanta\Desktop\FullStackDataScience\Challenges\IneuronScrapper\venv\lib\site-packages\jinja2\environment.py", line 1010, in get_template
    return self._load_template(name, globals)
  File "C:\Users\Srikanta\Desktop\FullStackDataScience\Challenges\IneuronScrapper\venv\lib\site-packages\jinja2\environment.py", line 969, in _load_template
    template = self.loader.load(self, name, self.make_globals(globals))
  File "C:\Users\Srikanta\Desktop\FullStackDataScience\Challenges\IneuronScrapper\venv\lib\site-packages\jinja2\loaders.py", line 126, in load
    source, filename, uptodate = self.get_source(environment, name)
  File "C:\Users\Srikanta\Desktop\FullStackDataScience\Challenges\IneuronScrapper\venv\lib\site-packages\flask\templating.py", line 62, in get_source
    return self._get_source_fast(environment, template)
  File "C:\Users\Srikanta\Desktop\FullStackDataScience\Challenges\IneuronScrapper\venv\lib\site-packages\flask\templating.py", line 98, in _get_source_fast
    raise TemplateNotFound(template)
jinja2.exceptions.TemplateNotFound: downlaod.html

During handling of the above exception, another exception occurred:

Traceback (most recent call last):
  File "C:\Users\Srikanta\Desktop\FullStackDataScience\Challenges\IneuronScrapper\venv\lib\site-packages\flask\app.py", line 2525, in wsgi_app
    response = self.full_dispatch_request()
  File "C:\Users\Srikanta\Desktop\FullStackDataScience\Challenges\IneuronScrapper\venv\lib\site-packages\flask\app.py", line 1822, in full_dispatch_request
    rv = self.handle_user_exception(e)
  File "C:\Users\Srikanta\Desktop\FullStackDataScience\Challenges\IneuronScrapper\venv\lib\site-packages\flask\app.py", line 1820, in full_dispatch_request
    rv = self.dispatch_request()
  File "C:\Users\Srikanta\Desktop\FullStackDataScience\Challenges\IneuronScrapper\venv\lib\site-packages\flask\app.py", line 1796, in dispatch_request
    return self.ensure_sync(self.view_functions[rule.endpoint])(**view_args)
  File "c:\Users\Srikanta\Desktop\FullStackDataScience\Challenges\IneuronScrapper\ineuron.py", line 105, in result
    return render_template('downlaod.html')
  File "C:\Users\Srikanta\Desktop\FullStackDataScience\Challenges\IneuronScrapper\venv\lib\site-packages\flask\templating.py", line 146, in render_template
    template = app.jinja_env.get_or_select_template(template_name_or_list)
  File "C:\Users\Srikanta\Desktop\FullStackDataScience\Challenges\IneuronScrapper\venv\lib\site-packages\jinja2\environment.py", line 1081, in get_or_select_template
    return self.get_template(template_name_or_list, parent, globals)
  File "C:\Users\Srikanta\Desktop\FullStackDataScience\Challenges\IneuronScrapper\venv\lib\site-packages\jinja2\environment.py", line 1010, in get_template
    return self._load_template(name, globals)
  File "C:\Users\Srikanta\Desktop\FullStackDataScience\Challenges\IneuronScrapper\venv\lib\site-packages\jinja2\environment.py", line 969, in _load_template
    template = self.loader.load(self, name, self.make_globals(globals))
  File "C:\Users\Srikanta\Desktop\FullStackDataScience\Challenges\IneuronScrapper\venv\lib\site-packages\jinja2\loaders.py", line 126, in load
    source, filename, uptodate = self.get_source(environment, name)
  File "C:\Users\Srikanta\Desktop\FullStackDataScience\Challenges\IneuronScrapper\venv\lib\site-packages\flask\templating.py", line 62, in get_source
    return self._get_source_fast(environment, template)
  File "C:\Users\Srikanta\Desktop\FullStackDataScience\Challenges\IneuronScrapper\venv\lib\site-packages\flask\templating.py", line 98, in _get_source_fast
    raise TemplateNotFound(template)
jinja2.exceptions.TemplateNotFound: downlaod.html
INFO:werkzeug:192.168.43.19 - - [16/Feb/2023 00:18:19] "[35m[1mPOST /insert_database HTTP/1.1[0m" 500 -
INFO:werkzeug:[31m[1mWARNING: This is a development server. Do not use it in a production deployment. Use a production WSGI server instead.[0m
 * Running on all addresses (0.0.0.0)
 * Running on http://127.0.0.1:5000
 * Running on http://192.168.43.19:5000
INFO:werkzeug:[33mPress CTRL+C to quit[0m
INFO:werkzeug:192.168.43.19 - - [16/Feb/2023 00:22:40] "GET / HTTP/1.1" 200 -
INFO:werkzeug:192.168.43.19 - - [16/Feb/2023 00:22:40] "[36mGET /static/css/style.css HTTP/1.1[0m" 304 -
INFO:werkzeug:192.168.43.19 - - [16/Feb/2023 00:22:40] "[36mGET /static/css/main.css HTTP/1.1[0m" 304 -
INFO:root:Web driver path: \chromedriver.exe
INFO:root: Driver is working 
INFO:root:Current height: 2599
INFO:root:New height: 48923
INFO:root:Current height: 48923
INFO:root:New height: 84457
INFO:root:Current height: 84457
INFO:root:New height: 108065
INFO:root:Current height: 108065
INFO:root:New height: 108763
INFO:root:Current height: 108763
INFO:root:New height: 108766
INFO:root:Current height: 108766
INFO:root:New height: 108766
INFO:root:Website scrapped successfully and returning course name and links
INFO:werkzeug:192.168.43.19 - - [16/Feb/2023 00:25:59] "POST /courses HTTP/1.1" 200 -
INFO:werkzeug:192.168.43.19 - - [16/Feb/2023 00:25:59] "[33mGET /style.css HTTP/1.1[0m" 404 -
INFO:werkzeug:192.168.43.19 - - [16/Feb/2023 00:25:59] "[36mGET /static/css/style.css HTTP/1.1[0m" 304 -
INFO:root:Web driver path: \chromedriver.exe
INFO:root: Driver is working 
INFO:root:Website scrapped sucessfull
INFO:root:Website scrapped successfully and returning course info in dictionary format
ERROR:root:FPDF error: Incorrect output destination: /PDF_FILES/COMPLETE_DSA_IN_PYTHON.PDF
INFO:root:Unable to create the pdf files
INFO:root:Website scrapped sucessfull
INFO:root:Website scrapped successfully and returning course info in dictionary format
ERROR:root:FPDF error: Incorrect output destination: /PDF_FILES/TABLEAU_FOUNDATION_COURSE.PDF
INFO:root:Unable to create the pdf files
INFO:root:Website scrapped sucessfull
INFO:root:Website scrapped successfully and returning course info in dictionary format
ERROR:root:FPDF error: Incorrect output destination: /PDF_FILES/COMPLETE_EXCEL_COURSE.PDF
INFO:root:Unable to create the pdf files
INFO:root: View more not in webpage
INFO:root:Website scrapped sucessfull
INFO:root:Website scrapped successfully and returning course info in dictionary format
ERROR:root:FPDF error: Incorrect output destination: /PDF_FILES/AUTOMATIC_NUMBER_PLATE_RECOGNITION.PDF
INFO:root:Unable to create the pdf files
INFO:root: View more not in webpage
INFO:root:Website scrapped sucessfull
INFO:root:Website scrapped successfully and returning course info in dictionary format
ERROR:root:FPDF error: Incorrect output destination: /PDF_FILES/BUILD_MODERN_ETL_DATA_PIPELINE_USING_INFORMATICA_CLOUD.PDF
INFO:root:Unable to create the pdf files
INFO:root:downlaod.html
ERROR:ineuron:Exception on /insert_database [POST]
Traceback (most recent call last):
  File "c:\Users\Srikanta\Desktop\FullStackDataScience\Challenges\IneuronScrapper\ineuron.py", line 99, in result
    return render_template('downlaod.html')
  File "C:\Users\Srikanta\Desktop\FullStackDataScience\Challenges\IneuronScrapper\venv\lib\site-packages\flask\templating.py", line 146, in render_template
    template = app.jinja_env.get_or_select_template(template_name_or_list)
  File "C:\Users\Srikanta\Desktop\FullStackDataScience\Challenges\IneuronScrapper\venv\lib\site-packages\jinja2\environment.py", line 1081, in get_or_select_template
    return self.get_template(template_name_or_list, parent, globals)
  File "C:\Users\Srikanta\Desktop\FullStackDataScience\Challenges\IneuronScrapper\venv\lib\site-packages\jinja2\environment.py", line 1010, in get_template
    return self._load_template(name, globals)
  File "C:\Users\Srikanta\Desktop\FullStackDataScience\Challenges\IneuronScrapper\venv\lib\site-packages\jinja2\environment.py", line 969, in _load_template
    template = self.loader.load(self, name, self.make_globals(globals))
  File "C:\Users\Srikanta\Desktop\FullStackDataScience\Challenges\IneuronScrapper\venv\lib\site-packages\jinja2\loaders.py", line 126, in load
    source, filename, uptodate = self.get_source(environment, name)
  File "C:\Users\Srikanta\Desktop\FullStackDataScience\Challenges\IneuronScrapper\venv\lib\site-packages\flask\templating.py", line 62, in get_source
    return self._get_source_fast(environment, template)
  File "C:\Users\Srikanta\Desktop\FullStackDataScience\Challenges\IneuronScrapper\venv\lib\site-packages\flask\templating.py", line 98, in _get_source_fast
    raise TemplateNotFound(template)
jinja2.exceptions.TemplateNotFound: downlaod.html

During handling of the above exception, another exception occurred:

Traceback (most recent call last):
  File "C:\Users\Srikanta\Desktop\FullStackDataScience\Challenges\IneuronScrapper\venv\lib\site-packages\flask\app.py", line 2525, in wsgi_app
    response = self.full_dispatch_request()
  File "C:\Users\Srikanta\Desktop\FullStackDataScience\Challenges\IneuronScrapper\venv\lib\site-packages\flask\app.py", line 1822, in full_dispatch_request
    rv = self.handle_user_exception(e)
  File "C:\Users\Srikanta\Desktop\FullStackDataScience\Challenges\IneuronScrapper\venv\lib\site-packages\flask\app.py", line 1820, in full_dispatch_request
    rv = self.dispatch_request()
  File "C:\Users\Srikanta\Desktop\FullStackDataScience\Challenges\IneuronScrapper\venv\lib\site-packages\flask\app.py", line 1796, in dispatch_request
    return self.ensure_sync(self.view_functions[rule.endpoint])(**view_args)
  File "c:\Users\Srikanta\Desktop\FullStackDataScience\Challenges\IneuronScrapper\ineuron.py", line 105, in result
    return render_template('downlaod.html')
  File "C:\Users\Srikanta\Desktop\FullStackDataScience\Challenges\IneuronScrapper\venv\lib\site-packages\flask\templating.py", line 146, in render_template
    template = app.jinja_env.get_or_select_template(template_name_or_list)
  File "C:\Users\Srikanta\Desktop\FullStackDataScience\Challenges\IneuronScrapper\venv\lib\site-packages\jinja2\environment.py", line 1081, in get_or_select_template
    return self.get_template(template_name_or_list, parent, globals)
  File "C:\Users\Srikanta\Desktop\FullStackDataScience\Challenges\IneuronScrapper\venv\lib\site-packages\jinja2\environment.py", line 1010, in get_template
    return self._load_template(name, globals)
  File "C:\Users\Srikanta\Desktop\FullStackDataScience\Challenges\IneuronScrapper\venv\lib\site-packages\jinja2\environment.py", line 969, in _load_template
    template = self.loader.load(self, name, self.make_globals(globals))
  File "C:\Users\Srikanta\Desktop\FullStackDataScience\Challenges\IneuronScrapper\venv\lib\site-packages\jinja2\loaders.py", line 126, in load
    source, filename, uptodate = self.get_source(environment, name)
  File "C:\Users\Srikanta\Desktop\FullStackDataScience\Challenges\IneuronScrapper\venv\lib\site-packages\flask\templating.py", line 62, in get_source
    return self._get_source_fast(environment, template)
  File "C:\Users\Srikanta\Desktop\FullStackDataScience\Challenges\IneuronScrapper\venv\lib\site-packages\flask\templating.py", line 98, in _get_source_fast
    raise TemplateNotFound(template)
jinja2.exceptions.TemplateNotFound: downlaod.html
INFO:werkzeug:192.168.43.19 - - [16/Feb/2023 00:26:40] "[35m[1mPOST /insert_database HTTP/1.1[0m" 500 -
INFO:werkzeug:[31m[1mWARNING: This is a development server. Do not use it in a production deployment. Use a production WSGI server instead.[0m
 * Running on all addresses (0.0.0.0)
 * Running on http://127.0.0.1:5000
 * Running on http://192.168.43.19:5000
INFO:werkzeug:[33mPress CTRL+C to quit[0m
INFO:werkzeug:192.168.43.19 - - [16/Feb/2023 01:15:48] "GET / HTTP/1.1" 200 -
INFO:werkzeug:192.168.43.19 - - [16/Feb/2023 01:15:49] "[36mGET /static/css/main.css HTTP/1.1[0m" 304 -
INFO:werkzeug:192.168.43.19 - - [16/Feb/2023 01:15:49] "[36mGET /static/css/style.css HTTP/1.1[0m" 304 -
INFO:root:Web driver path: \chromedriver.exe
INFO:root: Driver is working 
INFO:root:Current height: 2599
INFO:root:New height: 48939
INFO:root:Current height: 48939
INFO:root:New height: 86443
INFO:root:Current height: 86443
INFO:root:New height: 108278
INFO:root:Current height: 108278
INFO:root:New height: 108781
INFO:root:Current height: 108781
INFO:root:New height: 108781
INFO:root:Website scrapped successfully and returning course name and links
INFO:werkzeug:192.168.43.19 - - [16/Feb/2023 01:18:40] "POST /courses HTTP/1.1" 200 -
INFO:werkzeug:192.168.43.19 - - [16/Feb/2023 01:18:40] "[33mGET /style.css HTTP/1.1[0m" 404 -
INFO:werkzeug:192.168.43.19 - - [16/Feb/2023 01:18:40] "[36mGET /static/css/style.css HTTP/1.1[0m" 304 -
INFO:root:Web driver path: \chromedriver.exe
INFO:root: Driver is working 
INFO:root:Website scrapped sucessfull
INFO:root:Website scrapped successfully and returning course info in dictionary format
INFO:root:PDF not inserted in s3 bucket
INFO:root:Website scrapped sucessfull
INFO:root:Website scrapped successfully and returning course info in dictionary format
INFO:root:PDF not inserted in s3 bucket
INFO:root:Website scrapped sucessfull
INFO:root:Website scrapped successfully and returning course info in dictionary format
INFO:root:PDF not inserted in s3 bucket
INFO:root: View more not in webpage
INFO:root:Website scrapped sucessfull
INFO:root:Website scrapped successfully and returning course info in dictionary format
INFO:root:PDF not inserted in s3 bucket
INFO:root: View more not in webpage
INFO:root:Website scrapped sucessfull
INFO:root:Website scrapped successfully and returning course info in dictionary format
INFO:root:PDF not inserted in s3 bucket
INFO:root:downlaod.html
ERROR:ineuron:Exception on /insert_database [POST]
Traceback (most recent call last):
  File "c:\Users\Srikanta\Desktop\FullStackDataScience\Challenges\IneuronScrapper\ineuron.py", line 100, in result
    return render_template('downlaod.html')
  File "C:\Users\Srikanta\Desktop\FullStackDataScience\Challenges\IneuronScrapper\venv\lib\site-packages\flask\templating.py", line 146, in render_template
    template = app.jinja_env.get_or_select_template(template_name_or_list)
  File "C:\Users\Srikanta\Desktop\FullStackDataScience\Challenges\IneuronScrapper\venv\lib\site-packages\jinja2\environment.py", line 1081, in get_or_select_template
    return self.get_template(template_name_or_list, parent, globals)
  File "C:\Users\Srikanta\Desktop\FullStackDataScience\Challenges\IneuronScrapper\venv\lib\site-packages\jinja2\environment.py", line 1010, in get_template
    return self._load_template(name, globals)
  File "C:\Users\Srikanta\Desktop\FullStackDataScience\Challenges\IneuronScrapper\venv\lib\site-packages\jinja2\environment.py", line 969, in _load_template
    template = self.loader.load(self, name, self.make_globals(globals))
  File "C:\Users\Srikanta\Desktop\FullStackDataScience\Challenges\IneuronScrapper\venv\lib\site-packages\jinja2\loaders.py", line 126, in load
    source, filename, uptodate = self.get_source(environment, name)
  File "C:\Users\Srikanta\Desktop\FullStackDataScience\Challenges\IneuronScrapper\venv\lib\site-packages\flask\templating.py", line 62, in get_source
    return self._get_source_fast(environment, template)
  File "C:\Users\Srikanta\Desktop\FullStackDataScience\Challenges\IneuronScrapper\venv\lib\site-packages\flask\templating.py", line 98, in _get_source_fast
    raise TemplateNotFound(template)
jinja2.exceptions.TemplateNotFound: downlaod.html

During handling of the above exception, another exception occurred:

Traceback (most recent call last):
  File "C:\Users\Srikanta\Desktop\FullStackDataScience\Challenges\IneuronScrapper\venv\lib\site-packages\flask\app.py", line 2525, in wsgi_app
    response = self.full_dispatch_request()
  File "C:\Users\Srikanta\Desktop\FullStackDataScience\Challenges\IneuronScrapper\venv\lib\site-packages\flask\app.py", line 1822, in full_dispatch_request
    rv = self.handle_user_exception(e)
  File "C:\Users\Srikanta\Desktop\FullStackDataScience\Challenges\IneuronScrapper\venv\lib\site-packages\flask\app.py", line 1820, in full_dispatch_request
    rv = self.dispatch_request()
  File "C:\Users\Srikanta\Desktop\FullStackDataScience\Challenges\IneuronScrapper\venv\lib\site-packages\flask\app.py", line 1796, in dispatch_request
    return self.ensure_sync(self.view_functions[rule.endpoint])(**view_args)
  File "c:\Users\Srikanta\Desktop\FullStackDataScience\Challenges\IneuronScrapper\ineuron.py", line 106, in result
    return render_template('downlaod.html')
  File "C:\Users\Srikanta\Desktop\FullStackDataScience\Challenges\IneuronScrapper\venv\lib\site-packages\flask\templating.py", line 146, in render_template
    template = app.jinja_env.get_or_select_template(template_name_or_list)
  File "C:\Users\Srikanta\Desktop\FullStackDataScience\Challenges\IneuronScrapper\venv\lib\site-packages\jinja2\environment.py", line 1081, in get_or_select_template
    return self.get_template(template_name_or_list, parent, globals)
  File "C:\Users\Srikanta\Desktop\FullStackDataScience\Challenges\IneuronScrapper\venv\lib\site-packages\jinja2\environment.py", line 1010, in get_template
    return self._load_template(name, globals)
  File "C:\Users\Srikanta\Desktop\FullStackDataScience\Challenges\IneuronScrapper\venv\lib\site-packages\jinja2\environment.py", line 969, in _load_template
    template = self.loader.load(self, name, self.make_globals(globals))
  File "C:\Users\Srikanta\Desktop\FullStackDataScience\Challenges\IneuronScrapper\venv\lib\site-packages\jinja2\loaders.py", line 126, in load
    source, filename, uptodate = self.get_source(environment, name)
  File "C:\Users\Srikanta\Desktop\FullStackDataScience\Challenges\IneuronScrapper\venv\lib\site-packages\flask\templating.py", line 62, in get_source
    return self._get_source_fast(environment, template)
  File "C:\Users\Srikanta\Desktop\FullStackDataScience\Challenges\IneuronScrapper\venv\lib\site-packages\flask\templating.py", line 98, in _get_source_fast
    raise TemplateNotFound(template)
jinja2.exceptions.TemplateNotFound: downlaod.html
INFO:werkzeug:192.168.43.19 - - [16/Feb/2023 01:19:26] "[35m[1mPOST /insert_database HTTP/1.1[0m" 500 -
INFO:werkzeug:[31m[1mWARNING: This is a development server. Do not use it in a production deployment. Use a production WSGI server instead.[0m
 * Running on all addresses (0.0.0.0)
 * Running on http://127.0.0.1:5000
 * Running on http://192.168.43.19:5000
INFO:werkzeug:[33mPress CTRL+C to quit[0m
INFO:root:Web driver path: \chromedriver.exe
INFO:root: Driver is working 
INFO:root:Current height: 2599
INFO:root:New height: 45244
INFO:root:Current height: 45244
INFO:root:New height: 75498
INFO:root:Current height: 75498
INFO:root:New height: 107213
INFO:root:Current height: 107213
INFO:root:New height: 108781
INFO:root:Current height: 108781
INFO:root:New height: 108781
INFO:root:Website scrapped successfully and returning course name and links
INFO:werkzeug:192.168.43.19 - - [16/Feb/2023 01:24:31] "POST /courses HTTP/1.1" 200 -
INFO:werkzeug:192.168.43.19 - - [16/Feb/2023 01:24:31] "[33mGET /style.css HTTP/1.1[0m" 404 -
INFO:werkzeug:192.168.43.19 - - [16/Feb/2023 01:24:32] "[36mGET /static/css/style.css HTTP/1.1[0m" 304 -
INFO:root:Web driver path: \chromedriver.exe
INFO:root: Driver is working 
INFO:root:Website scrapped sucessfull
INFO:root:Website scrapped successfully and returning course info in dictionary format
INFO:root:PDF not inserted in s3 bucket
INFO:root:Website scrapped sucessfull
INFO:root:Website scrapped successfully and returning course info in dictionary format
INFO:root:PDF not inserted in s3 bucket
INFO:root:Website scrapped sucessfull
INFO:root:Website scrapped successfully and returning course info in dictionary format
INFO:root:PDF not inserted in s3 bucket
INFO:root: View more not in webpage
INFO:root:Website scrapped sucessfull
INFO:root:Website scrapped successfully and returning course info in dictionary format
INFO:root:PDF not inserted in s3 bucket
INFO:root: View more not in webpage
INFO:root:Website scrapped sucessfull
INFO:root:Website scrapped successfully and returning course info in dictionary format
INFO:root:PDF not inserted in s3 bucket
INFO:root:downlaod.html
ERROR:ineuron:Exception on /download [POST]
Traceback (most recent call last):
  File "c:\Users\Srikanta\Desktop\FullStackDataScience\Challenges\IneuronScrapper\ineuron.py", line 100, in result
    return render_template('downlaod.html')
  File "C:\Users\Srikanta\Desktop\FullStackDataScience\Challenges\IneuronScrapper\venv\lib\site-packages\flask\templating.py", line 146, in render_template
    template = app.jinja_env.get_or_select_template(template_name_or_list)
  File "C:\Users\Srikanta\Desktop\FullStackDataScience\Challenges\IneuronScrapper\venv\lib\site-packages\jinja2\environment.py", line 1081, in get_or_select_template
    return self.get_template(template_name_or_list, parent, globals)
  File "C:\Users\Srikanta\Desktop\FullStackDataScience\Challenges\IneuronScrapper\venv\lib\site-packages\jinja2\environment.py", line 1010, in get_template
    return self._load_template(name, globals)
  File "C:\Users\Srikanta\Desktop\FullStackDataScience\Challenges\IneuronScrapper\venv\lib\site-packages\jinja2\environment.py", line 969, in _load_template
    template = self.loader.load(self, name, self.make_globals(globals))
  File "C:\Users\Srikanta\Desktop\FullStackDataScience\Challenges\IneuronScrapper\venv\lib\site-packages\jinja2\loaders.py", line 126, in load
    source, filename, uptodate = self.get_source(environment, name)
  File "C:\Users\Srikanta\Desktop\FullStackDataScience\Challenges\IneuronScrapper\venv\lib\site-packages\flask\templating.py", line 62, in get_source
    return self._get_source_fast(environment, template)
  File "C:\Users\Srikanta\Desktop\FullStackDataScience\Challenges\IneuronScrapper\venv\lib\site-packages\flask\templating.py", line 98, in _get_source_fast
    raise TemplateNotFound(template)
jinja2.exceptions.TemplateNotFound: downlaod.html

During handling of the above exception, another exception occurred:

Traceback (most recent call last):
  File "C:\Users\Srikanta\Desktop\FullStackDataScience\Challenges\IneuronScrapper\venv\lib\site-packages\flask\app.py", line 2525, in wsgi_app
    response = self.full_dispatch_request()
  File "C:\Users\Srikanta\Desktop\FullStackDataScience\Challenges\IneuronScrapper\venv\lib\site-packages\flask\app.py", line 1822, in full_dispatch_request
    rv = self.handle_user_exception(e)
  File "C:\Users\Srikanta\Desktop\FullStackDataScience\Challenges\IneuronScrapper\venv\lib\site-packages\flask\app.py", line 1820, in full_dispatch_request
    rv = self.dispatch_request()
  File "C:\Users\Srikanta\Desktop\FullStackDataScience\Challenges\IneuronScrapper\venv\lib\site-packages\flask\app.py", line 1796, in dispatch_request
    return self.ensure_sync(self.view_functions[rule.endpoint])(**view_args)
  File "c:\Users\Srikanta\Desktop\FullStackDataScience\Challenges\IneuronScrapper\ineuron.py", line 106, in result
    return render_template('downlaod.html')
  File "C:\Users\Srikanta\Desktop\FullStackDataScience\Challenges\IneuronScrapper\venv\lib\site-packages\flask\templating.py", line 146, in render_template
    template = app.jinja_env.get_or_select_template(template_name_or_list)
  File "C:\Users\Srikanta\Desktop\FullStackDataScience\Challenges\IneuronScrapper\venv\lib\site-packages\jinja2\environment.py", line 1081, in get_or_select_template
    return self.get_template(template_name_or_list, parent, globals)
  File "C:\Users\Srikanta\Desktop\FullStackDataScience\Challenges\IneuronScrapper\venv\lib\site-packages\jinja2\environment.py", line 1010, in get_template
    return self._load_template(name, globals)
  File "C:\Users\Srikanta\Desktop\FullStackDataScience\Challenges\IneuronScrapper\venv\lib\site-packages\jinja2\environment.py", line 969, in _load_template
    template = self.loader.load(self, name, self.make_globals(globals))
  File "C:\Users\Srikanta\Desktop\FullStackDataScience\Challenges\IneuronScrapper\venv\lib\site-packages\jinja2\loaders.py", line 126, in load
    source, filename, uptodate = self.get_source(environment, name)
  File "C:\Users\Srikanta\Desktop\FullStackDataScience\Challenges\IneuronScrapper\venv\lib\site-packages\flask\templating.py", line 62, in get_source
    return self._get_source_fast(environment, template)
  File "C:\Users\Srikanta\Desktop\FullStackDataScience\Challenges\IneuronScrapper\venv\lib\site-packages\flask\templating.py", line 98, in _get_source_fast
    raise TemplateNotFound(template)
jinja2.exceptions.TemplateNotFound: downlaod.html
INFO:werkzeug:192.168.43.19 - - [16/Feb/2023 01:25:10] "[35m[1mPOST /download HTTP/1.1[0m" 500 -
INFO:werkzeug:[31m[1mWARNING: This is a development server. Do not use it in a production deployment. Use a production WSGI server instead.[0m
 * Running on all addresses (0.0.0.0)
 * Running on http://127.0.0.1:5000
 * Running on http://192.168.43.19:5000
INFO:werkzeug:[33mPress CTRL+C to quit[0m
INFO:root:Web driver path: \chromedriver.exe
INFO:root: Driver is working 
INFO:root:Current height: 2599
INFO:root:New height: 48051
INFO:root:Current height: 48051
INFO:root:New height: 83607
INFO:root:Current height: 83607
INFO:root:New height: 108252
INFO:root:Current height: 108252
INFO:root:New height: 108781
INFO:root:Current height: 108781
INFO:root:New height: 108781
INFO:root:Website scrapped successfully and returning course name and links
INFO:werkzeug:192.168.43.19 - - [16/Feb/2023 01:28:55] "POST /courses HTTP/1.1" 200 -
INFO:werkzeug:192.168.43.19 - - [16/Feb/2023 01:28:55] "[33mGET /style.css HTTP/1.1[0m" 404 -
INFO:werkzeug:192.168.43.19 - - [16/Feb/2023 01:28:55] "[36mGET /static/css/style.css HTTP/1.1[0m" 304 -
INFO:root:Web driver path: \chromedriver.exe
INFO:root: Driver is working 
INFO:root:Website scrapped sucessfull
INFO:root:Website scrapped successfully and returning course info in dictionary format
INFO:root:PDF inserted in s3 bucket
INFO:root:Website scrapped sucessfull
INFO:root:Website scrapped successfully and returning course info in dictionary format
INFO:root:PDF inserted in s3 bucket
INFO:root:Website scrapped sucessfull
INFO:root:Website scrapped successfully and returning course info in dictionary format
INFO:root:PDF inserted in s3 bucket
INFO:root: View more not in webpage
INFO:root:Website scrapped sucessfull
INFO:root:Website scrapped successfully and returning course info in dictionary format
INFO:root:PDF inserted in s3 bucket
INFO:root: View more not in webpage
INFO:root:Website scrapped sucessfull
INFO:root:Website scrapped successfully and returning course info in dictionary format
INFO:root:PDF inserted in s3 bucket
INFO:root:downlaod.html
ERROR:ineuron:Exception on /download [POST]
Traceback (most recent call last):
  File "c:\Users\Srikanta\Desktop\FullStackDataScience\Challenges\IneuronScrapper\ineuron.py", line 99, in result
    return render_template('downlaod.html')
  File "C:\Users\Srikanta\Desktop\FullStackDataScience\Challenges\IneuronScrapper\venv\lib\site-packages\flask\templating.py", line 146, in render_template
    template = app.jinja_env.get_or_select_template(template_name_or_list)
  File "C:\Users\Srikanta\Desktop\FullStackDataScience\Challenges\IneuronScrapper\venv\lib\site-packages\jinja2\environment.py", line 1081, in get_or_select_template
    return self.get_template(template_name_or_list, parent, globals)
  File "C:\Users\Srikanta\Desktop\FullStackDataScience\Challenges\IneuronScrapper\venv\lib\site-packages\jinja2\environment.py", line 1010, in get_template
    return self._load_template(name, globals)
  File "C:\Users\Srikanta\Desktop\FullStackDataScience\Challenges\IneuronScrapper\venv\lib\site-packages\jinja2\environment.py", line 969, in _load_template
    template = self.loader.load(self, name, self.make_globals(globals))
  File "C:\Users\Srikanta\Desktop\FullStackDataScience\Challenges\IneuronScrapper\venv\lib\site-packages\jinja2\loaders.py", line 126, in load
    source, filename, uptodate = self.get_source(environment, name)
  File "C:\Users\Srikanta\Desktop\FullStackDataScience\Challenges\IneuronScrapper\venv\lib\site-packages\flask\templating.py", line 62, in get_source
    return self._get_source_fast(environment, template)
  File "C:\Users\Srikanta\Desktop\FullStackDataScience\Challenges\IneuronScrapper\venv\lib\site-packages\flask\templating.py", line 98, in _get_source_fast
    raise TemplateNotFound(template)
jinja2.exceptions.TemplateNotFound: downlaod.html

During handling of the above exception, another exception occurred:

Traceback (most recent call last):
  File "C:\Users\Srikanta\Desktop\FullStackDataScience\Challenges\IneuronScrapper\venv\lib\site-packages\flask\app.py", line 2525, in wsgi_app
    response = self.full_dispatch_request()
  File "C:\Users\Srikanta\Desktop\FullStackDataScience\Challenges\IneuronScrapper\venv\lib\site-packages\flask\app.py", line 1822, in full_dispatch_request
    rv = self.handle_user_exception(e)
  File "C:\Users\Srikanta\Desktop\FullStackDataScience\Challenges\IneuronScrapper\venv\lib\site-packages\flask\app.py", line 1820, in full_dispatch_request
    rv = self.dispatch_request()
  File "C:\Users\Srikanta\Desktop\FullStackDataScience\Challenges\IneuronScrapper\venv\lib\site-packages\flask\app.py", line 1796, in dispatch_request
    return self.ensure_sync(self.view_functions[rule.endpoint])(**view_args)
  File "c:\Users\Srikanta\Desktop\FullStackDataScience\Challenges\IneuronScrapper\ineuron.py", line 105, in result
    return render_template('downlaod.html')
  File "C:\Users\Srikanta\Desktop\FullStackDataScience\Challenges\IneuronScrapper\venv\lib\site-packages\flask\templating.py", line 146, in render_template
    template = app.jinja_env.get_or_select_template(template_name_or_list)
  File "C:\Users\Srikanta\Desktop\FullStackDataScience\Challenges\IneuronScrapper\venv\lib\site-packages\jinja2\environment.py", line 1081, in get_or_select_template
    return self.get_template(template_name_or_list, parent, globals)
  File "C:\Users\Srikanta\Desktop\FullStackDataScience\Challenges\IneuronScrapper\venv\lib\site-packages\jinja2\environment.py", line 1010, in get_template
    return self._load_template(name, globals)
  File "C:\Users\Srikanta\Desktop\FullStackDataScience\Challenges\IneuronScrapper\venv\lib\site-packages\jinja2\environment.py", line 969, in _load_template
    template = self.loader.load(self, name, self.make_globals(globals))
  File "C:\Users\Srikanta\Desktop\FullStackDataScience\Challenges\IneuronScrapper\venv\lib\site-packages\jinja2\loaders.py", line 126, in load
    source, filename, uptodate = self.get_source(environment, name)
  File "C:\Users\Srikanta\Desktop\FullStackDataScience\Challenges\IneuronScrapper\venv\lib\site-packages\flask\templating.py", line 62, in get_source
    return self._get_source_fast(environment, template)
  File "C:\Users\Srikanta\Desktop\FullStackDataScience\Challenges\IneuronScrapper\venv\lib\site-packages\flask\templating.py", line 98, in _get_source_fast
    raise TemplateNotFound(template)
jinja2.exceptions.TemplateNotFound: downlaod.html
INFO:werkzeug:192.168.43.19 - - [16/Feb/2023 01:29:40] "[35m[1mPOST /download HTTP/1.1[0m" 500 -
INFO:werkzeug:[31m[1mWARNING: This is a development server. Do not use it in a production deployment. Use a production WSGI server instead.[0m
 * Running on all addresses (0.0.0.0)
 * Running on http://127.0.0.1:5000
 * Running on http://192.168.43.19:5000
INFO:werkzeug:[33mPress CTRL+C to quit[0m
INFO:root:Web driver path: \chromedriver.exe
INFO:root: Driver is working 
INFO:root:Current height: 2599
INFO:root:New height: 50022
INFO:root:Current height: 50022
INFO:root:New height: 89383
INFO:root:Current height: 89383
INFO:root:New height: 108502
INFO:root:Current height: 108502
INFO:root:New height: 108781
INFO:root:Current height: 108781
INFO:root:New height: 108781
INFO:root:Website scrapped successfully and returning course name and links
INFO:werkzeug:192.168.43.19 - - [16/Feb/2023 01:34:21] "POST /courses HTTP/1.1" 200 -
INFO:werkzeug:192.168.43.19 - - [16/Feb/2023 01:34:21] "[33mGET /style.css HTTP/1.1[0m" 404 -
INFO:werkzeug:192.168.43.19 - - [16/Feb/2023 01:34:22] "[36mGET /static/css/style.css HTTP/1.1[0m" 304 -
INFO:root:Web driver path: \chromedriver.exe
INFO:root: Driver is working 
INFO:root:Website scrapped sucessfull
INFO:root:Website scrapped successfully and returning course info in dictionary format
INFO:root:PDF inserted in s3 bucket
INFO:root:Website scrapped sucessfull
INFO:root:Website scrapped successfully and returning course info in dictionary format
INFO:root:PDF inserted in s3 bucket
INFO:root:Website scrapped sucessfull
INFO:root:Website scrapped successfully and returning course info in dictionary format
INFO:root:PDF inserted in s3 bucket
INFO:root: View more not in webpage
INFO:root:Website scrapped sucessfull
INFO:root:Website scrapped successfully and returning course info in dictionary format
INFO:root:PDF inserted in s3 bucket
INFO:root: View more not in webpage
INFO:root:Website scrapped sucessfull
INFO:root:Website scrapped successfully and returning course info in dictionary format
INFO:root:PDF inserted in s3 bucket
INFO:werkzeug:192.168.43.19 - - [16/Feb/2023 01:35:29] "POST /download HTTP/1.1" 200 -
INFO:werkzeug:[31m[1mWARNING: This is a development server. Do not use it in a production deployment. Use a production WSGI server instead.[0m
 * Running on all addresses (0.0.0.0)
 * Running on http://127.0.0.1:5000
 * Running on http://192.168.43.19:5000
INFO:werkzeug:[33mPress CTRL+C to quit[0m
INFO:werkzeug:192.168.43.19 - - [16/Feb/2023 01:44:11] "GET / HTTP/1.1" 200 -
INFO:werkzeug:192.168.43.19 - - [16/Feb/2023 01:44:12] "[36mGET /static/css/main.css HTTP/1.1[0m" 304 -
INFO:werkzeug:192.168.43.19 - - [16/Feb/2023 01:44:12] "[36mGET /static/css/style.css HTTP/1.1[0m" 304 -
INFO:root:Web driver path: \chromedriver.exe
INFO:root: Driver is working 
INFO:root:Current height: 2599
INFO:root:New height: 49992
INFO:root:Current height: 49992
INFO:root:New height: 84567
INFO:root:Current height: 84567
INFO:root:New height: 108425
INFO:root:Current height: 108425
INFO:root:New height: 108781
INFO:root:Current height: 108781
INFO:root:New height: 108781
INFO:root:Website scrapped successfully and returning course name and links
INFO:werkzeug:192.168.43.19 - - [16/Feb/2023 01:47:09] "POST /courses HTTP/1.1" 200 -
INFO:werkzeug:192.168.43.19 - - [16/Feb/2023 01:47:09] "[33mGET /style.css HTTP/1.1[0m" 404 -
INFO:werkzeug:192.168.43.19 - - [16/Feb/2023 01:47:09] "[36mGET /static/css/style.css HTTP/1.1[0m" 304 -
INFO:werkzeug:192.168.43.19 - - [16/Feb/2023 01:47:11] "POST /download HTTP/1.1" 200 -
INFO:werkzeug:[31m[1mWARNING: This is a development server. Do not use it in a production deployment. Use a production WSGI server instead.[0m
 * Running on all addresses (0.0.0.0)
 * Running on http://127.0.0.1:5000
 * Running on http://192.168.43.19:5000
INFO:werkzeug:[33mPress CTRL+C to quit[0m
INFO:werkzeug:192.168.43.19 - - [16/Feb/2023 02:27:56] "GET / HTTP/1.1" 200 -
INFO:werkzeug:192.168.43.19 - - [16/Feb/2023 02:27:57] "[36mGET /static/css/style.css HTTP/1.1[0m" 304 -
INFO:werkzeug:192.168.43.19 - - [16/Feb/2023 02:27:57] "[36mGET /static/css/main.css HTTP/1.1[0m" 304 -
INFO:root:Web driver path: \chromedriver.exe
INFO:root: Driver is working 
INFO:root:Current height: 2599
INFO:root:New height: 43313
INFO:root:Current height: 43313
INFO:root:New height: 77612
INFO:root:Current height: 77612
INFO:root:New height: 107573
INFO:root:Current height: 107573
INFO:root:New height: 108131
INFO:root:Current height: 108131
INFO:root:New height: 108310
INFO:root:Current height: 108310
INFO:root:New height: 108781
INFO:root:Current height: 108781
INFO:root:New height: 108781
INFO:root:Website scrapped successfully and returning course name and links
INFO:werkzeug:192.168.43.19 - - [16/Feb/2023 02:31:54] "POST /courses HTTP/1.1" 200 -
INFO:werkzeug:192.168.43.19 - - [16/Feb/2023 02:31:54] "[33mGET /style.css HTTP/1.1[0m" 404 -
INFO:werkzeug:192.168.43.19 - - [16/Feb/2023 02:31:54] "[36mGET /static/css/style.css HTTP/1.1[0m" 304 -
INFO:root:Web driver path: \chromedriver.exe
INFO:root: Driver is working 
INFO:root:Website scrapped sucessfull
INFO:root:Website scrapped successfully and returning course info in dictionary format
INFO:root:PDF inserted in s3 bucket
INFO:root:Website scrapped sucessfull
INFO:root:Website scrapped successfully and returning course info in dictionary format
INFO:root:PDF inserted in s3 bucket
INFO:root:Website scrapped sucessfull
INFO:root:Website scrapped successfully and returning course info in dictionary format
INFO:root:PDF inserted in s3 bucket
INFO:root: View more not in webpage
INFO:werkzeug:[31m[1mWARNING: This is a development server. Do not use it in a production deployment. Use a production WSGI server instead.[0m
 * Running on all addresses (0.0.0.0)
 * Running on http://127.0.0.1:5000
 * Running on http://192.168.43.19:5000
INFO:werkzeug:[33mPress CTRL+C to quit[0m
INFO:werkzeug:192.168.43.19 - - [16/Feb/2023 02:55:38] "GET / HTTP/1.1" 200 -
INFO:werkzeug:192.168.43.19 - - [16/Feb/2023 02:55:38] "[36mGET /static/css/style.css HTTP/1.1[0m" 304 -
INFO:werkzeug:192.168.43.19 - - [16/Feb/2023 02:55:38] "[36mGET /static/css/main.css HTTP/1.1[0m" 304 -
INFO:root:Web driver path: \chromedriver.exe
INFO:root: Driver is working 
INFO:root:Current height: 2599
INFO:root:New height: 46117
INFO:root:Current height: 46117
INFO:root:New height: 78922
INFO:root:Current height: 78922
INFO:root:New height: 108436
INFO:root:Current height: 108436
INFO:root:New height: 108781
INFO:root:Current height: 108781
INFO:root:New height: 108781
INFO:root:Website scrapped successfully and returning course name and links
INFO:werkzeug:192.168.43.19 - - [16/Feb/2023 02:58:29] "POST /courses HTTP/1.1" 200 -
INFO:werkzeug:192.168.43.19 - - [16/Feb/2023 02:58:29] "[33mGET /style.css HTTP/1.1[0m" 404 -
INFO:werkzeug:192.168.43.19 - - [16/Feb/2023 02:58:29] "[36mGET /static/css/style.css HTTP/1.1[0m" 304 -
INFO:root:Web driver path: \chromedriver.exe
INFO:root: Driver is working 
INFO:root:Website scrapped sucessfull
INFO:root:Website scrapped successfully and returning course info in dictionary format
INFO:root:PDF not inserted in s3 bucket
INFO:root:Website scrapped sucessfull
INFO:root:Website scrapped successfully and returning course info in dictionary format
INFO:root:PDF not inserted in s3 bucket
INFO:root:Website scrapped sucessfull
INFO:root:Website scrapped successfully and returning course info in dictionary format
INFO:root:PDF not inserted in s3 bucket
INFO:werkzeug:192.168.43.19 - - [16/Feb/2023 02:58:48] "POST /download HTTP/1.1" 200 -
